<?xml version="1.0" encoding="UTF-8"?>
<testsuite xmlns:xsi="http://www.w3.org/2001/XMLSchema-instance" xsi:noNamespaceSchemaLocation="https://maven.apache.org/surefire/maven-surefire-plugin/xsd/surefire-test-report.xsd" name="example.BuddyInfoTests" time="0" tests="1" errors="1" skipped="0" failures="0">
  <properties>
[...]
</properties>
  <testcase name="example.BuddyInfoTests" classname="example.BuddyInfoTests" time="0">
    <error message="Cannot invoke &quot;java.lang.Class.getName()&quot; because &quot;found&quot; is null" type="java.lang.NullPointerException">java.lang.NullPointerException: Cannot invoke "java.lang.Class.getName()" because "found" is null
</error>
    <system-out><![CDATA[17:16:02.084 [main] DEBUG org.springframework.boot.test.context.SpringBootTestContextBootstrapper - Neither @ContextConfiguration nor @ContextHierarchy found for test class [BuddyInfoTests]: using SpringBootContextLoader
17:16:02.085 [main] DEBUG org.springframework.test.context.support.AbstractContextLoader - Could not detect default resource locations for test class [example.BuddyInfoTests]: no resource found for suffixes {-context.xml, Context.groovy}.
17:16:02.085 [main] INFO org.springframework.test.context.support.AnnotationConfigContextLoaderUtils - Could not detect default configuration classes for test class [example.BuddyInfoTests]: BuddyInfoTests does not declare any static, non-private, non-final, nested classes annotated with @Configuration.
17:16:02.090 [main] DEBUG org.springframework.boot.test.context.SpringBootTestContextBootstrapper - Using ContextCustomizers for test class [BuddyInfoTests]: [ImportsContextCustomizer, ExcludeFilterContextCustomizer, DuplicateJsonObjectContextCustomizer, MockitoContextCustomizer, TestRestTemplateContextCustomizer, DisableObservabilityContextCustomizer, PropertyMappingContextCustomizer, Customizer]
]]></system-out>
  </testcase>
</testsuite>